[debug] [2023-08-19T09:31:18.590Z] ----------------------------------------------------------------------
[debug] [2023-08-19T09:31:18.592Z] Command:       /usr/local/bin/firebase /Users/sudhindra/.cache/firebase/tools/lib/node_modules/firebase-tools/lib/bin/firebase deploy
[debug] [2023-08-19T09:31:18.592Z] CLI Version:   9.22.0
[debug] [2023-08-19T09:31:18.592Z] Platform:      darwin
[debug] [2023-08-19T09:31:18.592Z] Node Version:  v12.18.1
[debug] [2023-08-19T09:31:18.595Z] Time:          Sat Aug 19 2023 15:01:18 GMT+0530 (India Standard Time)
[debug] [2023-08-19T09:31:18.595Z] ----------------------------------------------------------------------
[debug] 
[debug] [2023-08-19T09:31:18.599Z] >>> [apiv2][query] GET https://firebase-public.firebaseio.com/cli.json [none]
[debug] [2023-08-19T09:31:18.656Z] > command requires scopes: ["email","openid","https://www.googleapis.com/auth/cloudplatformprojects.readonly","https://www.googleapis.com/auth/firebase","https://www.googleapis.com/auth/cloud-platform"]
[debug] [2023-08-19T09:31:18.657Z] > authorizing via signed-in user (sudhindraise@gmail.com)
[debug] [2023-08-19T09:31:18.657Z] [iam] checking project sudhindra-pai-portfolio for permissions ["firebase.projects.get","firebasehosting.sites.update"]
[debug] [2023-08-19T09:31:18.658Z] > refreshing access token with scopes: ["email","https://www.googleapis.com/auth/cloud-platform","https://www.googleapis.com/auth/cloudplatformprojects.readonly","https://www.googleapis.com/auth/firebase","openid"]
[debug] [2023-08-19T09:31:18.659Z] >>> HTTP REQUEST POST https://www.googleapis.com/oauth2/v3/token  
 <request body omitted>
[debug] [2023-08-19T09:31:18.884Z] <<< HTTP RESPONSE 400 {"pragma":"no-cache","date":"Sat, 19 Aug 2023 09:33:16 GMT","cache-control":"no-cache, no-store, max-age=0, must-revalidate","expires":"Mon, 01 Jan 1990 00:00:00 GMT","content-type":"application/json; charset=utf-8","vary":"X-Origin, Referer, Origin,Accept-Encoding","server":"scaffolding on HTTPServer2","x-xss-protection":"0","x-frame-options":"SAMEORIGIN","x-content-type-options":"nosniff","alt-svc":"h3=\":443\"; ma=2592000,h3-29=\":443\"; ma=2592000","accept-ranges":"none","transfer-encoding":"chunked"}
[debug] [2023-08-19T09:31:18.886Z] >>> HTTP REQUEST POST https://cloudresourcemanager.googleapis.com/v1/projects/sudhindra-pai-portfolio:testIamPermissions  
 {"permissions":["firebase.projects.get","firebasehosting.sites.update"]}
[debug] [2023-08-19T09:31:19.297Z] <<< [apiv2][status] GET https://firebase-public.firebaseio.com/cli.json 200
[debug] [2023-08-19T09:31:19.297Z] <<< [apiv2][body] GET https://firebase-public.firebaseio.com/cli.json {"cloudBuildErrorAfter":1594252800000,"cloudBuildWarnAfter":1590019200000,"defaultNode10After":1594252800000,"minVersion":"3.0.5","node8DeploysDisabledAfter":1613390400000,"node8RuntimeDisabledAfter":1615809600000,"node8WarnAfter":1600128000000}
[debug] [2023-08-19T09:31:20.574Z] <<< HTTP RESPONSE 401 {"www-authenticate":"Bearer realm=\"https://accounts.google.com/\", error=\"invalid_token\"","vary":"X-Origin, Referer, Origin,Accept-Encoding","content-type":"application/json; charset=UTF-8","date":"Sat, 19 Aug 2023 09:33:17 GMT","server":"ESF","cache-control":"private","x-xss-protection":"0","x-frame-options":"SAMEORIGIN","x-content-type-options":"nosniff","server-timing":"gfet4t7; dur=1377","alt-svc":"h3=\":443\"; ma=2592000,h3-29=\":443\"; ma=2592000","accept-ranges":"none","transfer-encoding":"chunked"}
[debug] [2023-08-19T09:31:20.574Z] <<< HTTP RESPONSE BODY {"error":{"code":401,"message":"Request had invalid authentication credentials. Expected OAuth 2 access token, login cookie or other valid authentication credential. See https://developers.google.com/identity/sign-in/web/devconsole-project.","status":"UNAUTHENTICATED","details":[{"@type":"type.googleapis.com/google.rpc.ErrorInfo","reason":"ACCESS_TOKEN_TYPE_UNSUPPORTED","metadata":{"method":"google.cloudresourcemanager.v1.Projects.TestIamPermissions","service":"cloudresourcemanager.googleapis.com"}}]}}
[debug] [2023-08-19T09:31:20.579Z] [iam] error while checking permissions, command may fail: FirebaseError: HTTP Error: 401, Request had invalid authentication credentials. Expected OAuth 2 access token, login cookie or other valid authentication credential. See https://developers.google.com/identity/sign-in/web/devconsole-project.
[debug] [2023-08-19T09:31:20.581Z] > refreshing access token with scopes: []
[debug] [2023-08-19T09:31:20.581Z] >>> HTTP REQUEST POST https://www.googleapis.com/oauth2/v3/token  
 <request body omitted>
[debug] [2023-08-19T09:31:20.793Z] <<< HTTP RESPONSE 400 {"pragma":"no-cache","date":"Sat, 19 Aug 2023 09:33:18 GMT","expires":"Mon, 01 Jan 1990 00:00:00 GMT","cache-control":"no-cache, no-store, max-age=0, must-revalidate","content-type":"application/json; charset=utf-8","vary":"X-Origin, Referer, Origin,Accept-Encoding","server":"scaffolding on HTTPServer2","x-xss-protection":"0","x-frame-options":"SAMEORIGIN","x-content-type-options":"nosniff","alt-svc":"h3=\":443\"; ma=2592000,h3-29=\":443\"; ma=2592000","accept-ranges":"none","transfer-encoding":"chunked"}
[debug] [2023-08-19T09:31:20.795Z] >>> [apiv2][query] GET https://firebase.googleapis.com/v1beta1/projects/sudhindra-pai-portfolio [none]
[debug] [2023-08-19T09:31:21.084Z] <<< [apiv2][status] GET https://firebase.googleapis.com/v1beta1/projects/sudhindra-pai-portfolio 401
[debug] [2023-08-19T09:31:21.085Z] <<< [apiv2][body] GET https://firebase.googleapis.com/v1beta1/projects/sudhindra-pai-portfolio {"error":{"code":401,"message":"Request had invalid authentication credentials. Expected OAuth 2 access token, login cookie or other valid authentication credential. See https://developers.google.com/identity/sign-in/web/devconsole-project.","status":"UNAUTHENTICATED"}}
[debug] [2023-08-19T09:31:21.085Z] HTTP Error: 401, Request had invalid authentication credentials. Expected OAuth 2 access token, login cookie or other valid authentication credential. See https://developers.google.com/identity/sign-in/web/devconsole-project.
[debug] [2023-08-19T09:31:21.378Z] FirebaseError: HTTP Error: 401, Request had invalid authentication credentials. Expected OAuth 2 access token, login cookie or other valid authentication credential. See https://developers.google.com/identity/sign-in/web/devconsole-project.
    at module.exports (/Users/sudhindra/.cache/firebase/tools/lib/node_modules/firebase-tools/lib/responseToError.js:38:12)
    at Client.doRequest (/Users/sudhindra/.cache/firebase/tools/lib/node_modules/firebase-tools/lib/apiv2.js:241:23)
    at processTicksAndRejections (internal/process/task_queues.js:97:5)
    at async Client.request (/Users/sudhindra/.cache/firebase/tools/lib/node_modules/firebase-tools/lib/apiv2.js:96:20)
    at async Object.getFirebaseProject (/Users/sudhindra/.cache/firebase/tools/lib/node_modules/firebase-tools/lib/management/projects.js:290:21)
    at async Object.getDefaultHostingSite (/Users/sudhindra/.cache/firebase/tools/lib/node_modules/firebase-tools/lib/getDefaultHostingSite.js:8:21)
    at async requireHostingSite (/Users/sudhindra/.cache/firebase/tools/lib/node_modules/firebase-tools/lib/requireHostingSite.js:9:18)
    at async Object.fn (/Users/sudhindra/.cache/firebase/tools/lib/node_modules/firebase-tools/lib/commands/deploy.js:73:9)
    at async /Users/sudhindra/.cache/firebase/tools/lib/node_modules/firebase-tools/lib/command.js:188:17
[error] 
[error] Error: Failed to get Firebase project sudhindra-pai-portfolio. Please make sure the project exists and your account has permission to access it.
